1527162304995	geckodriver	INFO	geckodriver 0.20.1
1527162305000	geckodriver	INFO	Listening on 127.0.0.1:50664
1527162308106	mozrunner::runner	INFO	Running command: "C:\\Program Files\\Mozilla Firefox\\firefox.exe" "-marionette" "-profile" "C:\\Users\\VANDAN~1\\AppData\\Local\\Temp\\rust_mozprofile.w9BqMcK1wdyR"
Unable to read VR Path Registry from C:\Users\Vandana_Homebell\AppData\Local\openvr\openvrpaths.vrpath
Unable to read VR Path Registry from C:\Users\Vandana_Homebell\AppData\Local\openvr\openvrpaths.vrpath
Unable to read VR Path Registry from C:\Users\Vandana_Homebell\AppData\Local\openvr\openvrpaths.vrpath
Unable to read VR Path Registry from C:\Users\Vandana_Homebell\AppData\Local\openvr\openvrpaths.vrpath
Unable to read VR Path Registry from C:\Users\Vandana_Homebell\AppData\Local\openvr\openvrpaths.vrpath
1527162313009	Marionette	INFO	Listening on port 50672
1527162313508	Marionette	WARN	TLS certificate errors will be ignored for this session
[Parent 17396, Gecko_IOThread] WARNING: pipe error: 109: file z:/build/build/src/ipc/chromium/src/chrome/common/ipc_channel_win.cc, line 346
[Child 21388, Chrome_ChildThread] WARNING: pipe error: 109: file z:/build/build/src/ipc/chromium/src/chrome/common/ipc_channel_win.cc, line 346
[Child 21388, Chrome_ChildThread] WARNING: p[Parent 17396, Gecko_IOThread] WARNING: pipe error: 109: file z:/build/build/src/ipc/chromium/src/chrome/common/ipc_channel_win.cc, line 346
[Child 16460, Chrome_ChildThread] WARNING: pipe error: 109: file z:/build/build/src/ipc/chromium/src/chrome/common/ipc_channel_win.cc, line 346
[Child 16460, Chrome_ChildThread] WARNIN[Child 20588, Chrome_ChildThread] WARNING: pipe error: 109: file z:/build/build/src/ipc/chromium/src/chrome/common/ipc_channel_win.cc, line 346
[Child 20588, Chrom[GPU 20048, Chrome_ChildThread] WARNING: pipe erro
###!!! [Child][MessageChannel::SendAndWait] Error: Channel error: cannot send/recv

 this session
[Child 27872, Chrome_ChildThread] WARNING: pipe error: 109: file z:/build/build/src/ipc/chromium/src/chrome/common/ipc_channel_win.cc, line 346
[Child 27872, Chrome_ChildThread][Child 8348, Chrome_ChildThread] WARNING: pipe error: 232: file z:/build/build/src/ipc/chromium/src/chrome/common/ipc_channel_win.cc, line 513
[Child 8348, Chrome_ChildThread] WARNING: pipe error: 109: file z:/build/build/src/ipc/chromium/src/chrome/common/ipc_channel_win.cc, line 346
[Child 8348, Chrome_ChildThread] WARNING: pipe error: 109: file z:/build/build/src[Parent 27116, Gecko_IOThread] WARNING: pipe error: 109: file z:/build/build/src/ipc/chromium/src/chrome/common/ipc_channel_win.cc, line 346
[Child 8704, Chrome_ChildThread] WARNING: pipe error: 109: file z:/build/build/src/ipc/chromium/src/chrome/common/ipc_channel_win.cc, line 346
[Child 8704, Chrom*** UTM:SVC TimerManager:registerTimer called after profile-before-change notification. Ignoring timer registration for id: telemetry_modules_ping
[GPU 20332, Chrome_
###!!! [Child][MessageChannel::SendAndWait] Error: Channel error: cannot send/recv

1527163470127	geckodriver	INFO	geckodriver 0.20.1
1527163470127	geckodriver	INFO	Listening on 127.0.0.1:50800
1527163473170	mozrunner::runner	INFO	Running command: "C:\\Program Files\\Mozilla Firefox\\firefox.exe" "-marionette" "-profile" "C:\\Users\\VANDAN~1\\AppData\\Local\\Temp\\rust_mozprofile.5ElRJOtFmTRA"
Unable to read VR Path Registry from C:\Users\Vandana_Homebell\AppData\Local\openvr\openvrpaths.vrpath
Unable to read VR Path Registry from C:\Users\Vandana_Homebell\AppData\Local\openvr\openvrpaths.vrpath
Unable to read VR Path Registry from C:\Users\Vandana_Homebell\AppData\Local\openvr\openvrpaths.vrpath
Unable to read VR Path Registry from C:\Users\Vandana_Homebell\AppData\Local\openvr\openvrpaths.vrpath
Unable to read VR Path Registry from C:\Users\Vandana_Homebell\AppData\Local\openvr\openvrpaths.vrpath
1527163475705	Marionette	INFO	Listening on port 50808
1527163476340	Marionette	WARN	TLS certificate errors will be ignored for this session
[Child 27988, Chrome_ChildThread] WARNING: pipe error: 109: file z:/build/build/src/ipc/chromium/src/chrome/common/ipc_channel_win.cc, line 346
[Child 27988, Chrome_Child[Child 17240, Chrome_ChildThread] WARNING: pipe error: 109: file z:/build/build/src/ipc/chromium/src/chrome/common/ipc_channel_win.cc, line 346
[Child 17240, Chrome_ChildThread] WARNING: [Parent 27824, Gecko_IOThread] WARNING: pipe error: 109: file z:/build/build/src/ipc/chromium/src/chrome/common/ipc_channel_win.cc, line 346
[Child 19948, Chrome_ChildThread] WARNING: pipe error: 109: file z:/build/build/src/ipc/chromium/src/chrome/common/ipc_channel_win.cc, line 346
[Child 19948, Chrome_ChiJavaScript error: resource://gre/modules/Sqlite.jsm, line 826: Error: Connection is not open.
*** UTM:SVC TimerManager:registerTimer called after profile-before-change notification. Ignoring timer registration for id: telemetry_modules_ping
[GPU 20264, Chrome_Chi
###!!! [Child][MessageChannel::SendAndWait] Error: Channel error: cannot send/recv

1527163617754	geckodriver	INFO	geckodriver 0.20.1
1527163617754	geckodriver	INFO	Listening on 127.0.0.1:50850
1527163620823	mozrunner::runner	INFO	Running command: "C:\\Program Files\\Mozilla Firefox\\firefox.exe" "-marionette" "-profile" "C:\\Users\\VANDAN~1\\AppData\\Local\\Temp\\rust_mozprofile.WS31YT7ljDOP"
Unable to read VR Path Registry from C:\Users\Vandana_Homebell\AppData\Local\openvr\openvrpaths.vrpath
Unable to read VR Path Registry from C:\Users\Vandana_Homebell\AppData\Local\openvr\openvrpaths.vrpath
Unable to read VR Path Registry from C:\Users\Vandana_Homebell\AppData\Local\openvr\openvrpaths.vrpath
Unable to read VR Path Registry from C:\Users\Vandana_Homebell\AppData\Local\openvr\openvrpaths.vrpath
Unable to read VR Path Registry from C:\Users\Vandana_Homebell\AppData\Local\openvr\openvrpaths.vrpath
1527163623405	Marionette	INFO	Listening on port 50858
1527163623992	Marionette	WARN	TLS certificate errors will be ignored for this session
[Parent 6884, Gecko_IOThread] WARNING: pipe error: 109: file z:/build/build/src/ipc/chromium/src/chrome/common/ipc_channel_win.cc, line 346
[Child 28236, Chrome_ChildThread] WARNING: pipe error: 109: file z:/build/build/src/ipc/chromium/src/chrome/common/ipc_channel_win.cc, line 346
[Child 28236, Chrome_ChildThread] WARNING: pipe error: 109: f[Parent 6884, Gecko_IOThread] WARNING: pipe error: 109: file z:/build/build/src/ipc/chromium/src/chrome/common/ipc_channel_win.cc, line 346
[Child 20524, Chrome_ChildThread] WARNING: pipe error: 109: file z:/build/build/src/ipc/chromium/src/chrome/common/ipc_channel_win.cc, line 346
[Child 20524, Chrome_ChildThread] WARNING: pipe error: 109:[Parent 6884, Gecko_IOThread] WARNING: pipe error: 109: file z:/build/build/src/ipc/chromium/src/chrome/common/ipc_channel_win.cc, line 346
[Child 21544, Chrome_ChildThread] WARNING: pipe error: 109: file z:/build/build/src/ipc/chromium/src/chrome/common/ipc_channel_win.cc, line 346
[Child 21544, Chrome_ChildThread]*** UTM:SVC TimerManager:registerTimer called after profile-before-change notification. Ignoring timer registration for id: telemetry_modules_ping
[GPU 26664, Ch
###!!! [Child][MessageChannel::SendAndWait] Error: Channel error: cannot send/recv

